The system is: Linux - 3.13.0-129-generic - x86_64
Compiling the C compiler identification source file "CMakeCCompilerId.c" succeeded.
Compiler: /usr/bin/cc 
Build flags: 
Id flags: 

The output was:
0


Compilation of the C compiler identification source "CMakeCCompilerId.c" produced "a.out"

The C compiler identification is GNU, found in "/home/34/rtaillandier/Documents/TP2_ISI-master/TP2_ISI/isiviewer_build/CMakeFiles/2.8.12.2/CompilerIdC/a.out"

Compiling the CXX compiler identification source file "CMakeCXXCompilerId.cpp" succeeded.
Compiler: /usr/bin/c++ 
Build flags: 
Id flags: 

The output was:
0


Compilation of the CXX compiler identification source "CMakeCXXCompilerId.cpp" produced "a.out"

The CXX compiler identification is GNU, found in "/home/34/rtaillandier/Documents/TP2_ISI-master/TP2_ISI/isiviewer_build/CMakeFiles/2.8.12.2/CompilerIdCXX/a.out"

Determining if the C compiler works passed with the following output:
Change Dir: /home/34/rtaillandier/Documents/TP2_ISI-master/TP2_ISI/isiviewer_build/CMakeFiles/CMakeTmp

Run Build Command:/usr/bin/make "cmTryCompileExec2680612214/fast"
make: AVERTISSEMENT: fichier « Makefile » a une date de modification 0,11 dans le futur
/usr/bin/make -f CMakeFiles/cmTryCompileExec2680612214.dir/build.make CMakeFiles/cmTryCompileExec2680612214.dir/build
make[1]: entrant dans le répertoire « /import/etud/34/rtaillandier/Documents/TP2_ISI-master/TP2_ISI/isiviewer_build/CMakeFiles/CMakeTmp »
make[1]: AVERTISSEMENT: fichier « CMakeFiles/cmTryCompileExec2680612214.dir/flags.make » a une date de modification 0,1 dans le futur
/usr/bin/cmake -E cmake_progress_report /home/34/rtaillandier/Documents/TP2_ISI-master/TP2_ISI/isiviewer_build/CMakeFiles/CMakeTmp/CMakeFiles 1
Building C object CMakeFiles/cmTryCompileExec2680612214.dir/testCCompiler.c.o
/usr/bin/cc    -o CMakeFiles/cmTryCompileExec2680612214.dir/testCCompiler.c.o   -c /home/34/rtaillandier/Documents/TP2_ISI-master/TP2_ISI/isiviewer_build/CMakeFiles/CMakeTmp/testCCompiler.c
Linking C executable cmTryCompileExec2680612214
/usr/bin/cmake -E cmake_link_script CMakeFiles/cmTryCompileExec2680612214.dir/link.txt --verbose=1
/usr/bin/cc       CMakeFiles/cmTryCompileExec2680612214.dir/testCCompiler.c.o  -o cmTryCompileExec2680612214 -rdynamic 
make[1]: quittant le répertoire « /import/etud/34/rtaillandier/Documents/TP2_ISI-master/TP2_ISI/isiviewer_build/CMakeFiles/CMakeTmp »
make[1]: AVERTISSEMENT : décalage d'horloge détecté. La construction peut être incomplète.
make: AVERTISSEMENT : décalage d'horloge détecté. La construction peut être incomplète.


Detecting C compiler ABI info compiled with the following output:
Change Dir: /home/34/rtaillandier/Documents/TP2_ISI-master/TP2_ISI/isiviewer_build/CMakeFiles/CMakeTmp

Run Build Command:/usr/bin/make "cmTryCompileExec891776813/fast"
make: AVERTISSEMENT: fichier « Makefile » a une date de modification 0,11 dans le futur
/usr/bin/make -f CMakeFiles/cmTryCompileExec891776813.dir/build.make CMakeFiles/cmTryCompileExec891776813.dir/build
make[1]: entrant dans le répertoire « /import/etud/34/rtaillandier/Documents/TP2_ISI-master/TP2_ISI/isiviewer_build/CMakeFiles/CMakeTmp »
make[1]: AVERTISSEMENT: fichier « CMakeFiles/cmTryCompileExec891776813.dir/flags.make » a une date de modification 0,1 dans le futur
/usr/bin/cmake -E cmake_progress_report /home/34/rtaillandier/Documents/TP2_ISI-master/TP2_ISI/isiviewer_build/CMakeFiles/CMakeTmp/CMakeFiles 1
Building C object CMakeFiles/cmTryCompileExec891776813.dir/CMakeCCompilerABI.c.o
/usr/bin/cc    -o CMakeFiles/cmTryCompileExec891776813.dir/CMakeCCompilerABI.c.o   -c /usr/share/cmake-2.8/Modules/CMakeCCompilerABI.c
Linking C executable cmTryCompileExec891776813
/usr/bin/cmake -E cmake_link_script CMakeFiles/cmTryCompileExec891776813.dir/link.txt --verbose=1
/usr/bin/cc     -v CMakeFiles/cmTryCompileExec891776813.dir/CMakeCCompilerABI.c.o  -o cmTryCompileExec891776813 -rdynamic  
Using built-in specs.
COLLECT_GCC=/usr/bin/cc
COLLECT_LTO_WRAPPER=/usr/lib/gcc/x86_64-linux-gnu/4.8/lto-wrapper
Target: x86_64-linux-gnu
Configured with: ../src/configure -v --with-pkgversion='Ubuntu 4.8.4-2ubuntu1~14.04.3' --with-bugurl=file:///usr/share/doc/gcc-4.8/README.Bugs --enable-languages=c,c++,java,go,d,fortran,objc,obj-c++ --prefix=/usr --program-suffix=-4.8 --enable-shared --enable-linker-build-id --libexecdir=/usr/lib --without-included-gettext --enable-threads=posix --with-gxx-include-dir=/usr/include/c++/4.8 --libdir=/usr/lib --enable-nls --with-sysroot=/ --enable-clocale=gnu --enable-libstdcxx-debug --enable-libstdcxx-time=yes --enable-gnu-unique-object --disable-libmudflap --enable-plugin --with-system-zlib --disable-browser-plugin --enable-java-awt=gtk --enable-gtk-cairo --with-java-home=/usr/lib/jvm/java-1.5.0-gcj-4.8-amd64/jre --enable-java-home --with-jvm-root-dir=/usr/lib/jvm/java-1.5.0-gcj-4.8-amd64 --with-jvm-jar-dir=/usr/lib/jvm-exports/java-1.5.0-gcj-4.8-amd64 --with-arch-directory=amd64 --with-ecj-jar=/usr/share/java/eclipse-ecj.jar --enable-objc-gc --enable-multiarch --disable-werror --with-arch-32=i686 --with-abi=m64 --with-multilib-list=m32,m64,mx32 --with-tune=generic --enable-checking=release --build=x86_64-linux-gnu --host=x86_64-linux-gnu --target=x86_64-linux-gnu
Thread model: posix
gcc version 4.8.4 (Ubuntu 4.8.4-2ubuntu1~14.04.3) 
COMPILER_PATH=/usr/lib/gcc/x86_64-linux-gnu/4.8/:/usr/lib/gcc/x86_64-linux-gnu/4.8/:/usr/lib/gcc/x86_64-linux-gnu/:/usr/lib/gcc/x86_64-linux-gnu/4.8/:/usr/lib/gcc/x86_64-linux-gnu/
LIBRARY_PATH=/usr/lib/gcc/x86_64-linux-gnu/4.8/:/usr/lib/gcc/x86_64-linux-gnu/4.8/../../../x86_64-linux-gnu/:/usr/lib/gcc/x86_64-linux-gnu/4.8/../../../../lib/:/lib/x86_64-linux-gnu/:/lib/../lib/:/usr/lib/x86_64-linux-gnu/:/usr/lib/../lib/:/usr/lib/gcc/x86_64-linux-gnu/4.8/../../../:/lib/:/usr/lib/
COLLECT_GCC_OPTIONS='-v' '-o' 'cmTryCompileExec891776813' '-rdynamic' '-mtune=generic' '-march=x86-64'
 /usr/lib/gcc/x86_64-linux-gnu/4.8/collect2 --sysroot=/ --build-id --eh-frame-hdr -m elf_x86_64 --hash-style=gnu --as-needed -export-dynamic -dynamic-linker /lib64/ld-linux-x86-64.so.2 -z relro -o cmTryCompileExec891776813 /usr/lib/gcc/x86_64-linux-gnu/4.8/../../../x86_64-linux-gnu/crt1.o /usr/lib/gcc/x86_64-linux-gnu/4.8/../../../x86_64-linux-gnu/crti.o /usr/lib/gcc/x86_64-linux-gnu/4.8/crtbegin.o -L/usr/lib/gcc/x86_64-linux-gnu/4.8 -L/usr/lib/gcc/x86_64-linux-gnu/4.8/../../../x86_64-linux-gnu -L/usr/lib/gcc/x86_64-linux-gnu/4.8/../../../../lib -L/lib/x86_64-linux-gnu -L/lib/../lib -L/usr/lib/x86_64-linux-gnu -L/usr/lib/../lib -L/usr/lib/gcc/x86_64-linux-gnu/4.8/../../.. CMakeFiles/cmTryCompileExec891776813.dir/CMakeCCompilerABI.c.o -lgcc --as-needed -lgcc_s --no-as-needed -lc -lgcc --as-needed -lgcc_s --no-as-needed /usr/lib/gcc/x86_64-linux-gnu/4.8/crtend.o /usr/lib/gcc/x86_64-linux-gnu/4.8/../../../x86_64-linux-gnu/crtn.o
make[1]: AVERTISSEMENT : décalage d'horloge détecté. La construction peut être incomplète.
make[1]: quittant le répertoire « /import/etud/34/rtaillandier/Documents/TP2_ISI-master/TP2_ISI/isiviewer_build/CMakeFiles/CMakeTmp »
make: AVERTISSEMENT : décalage d'horloge détecté. La construction peut être incomplète.


Parsed C implicit link information from above output:
  link line regex: [^( *|.*[/\])(ld|([^/\]+-)?ld|collect2)[^/\]*( |$)]
  ignore line: [Change Dir: /home/34/rtaillandier/Documents/TP2_ISI-master/TP2_ISI/isiviewer_build/CMakeFiles/CMakeTmp]
  ignore line: []
  ignore line: [Run Build Command:/usr/bin/make "cmTryCompileExec891776813/fast"]
  ignore line: [make: AVERTISSEMENT: fichier « Makefile » a une date de modification 0,11 dans le futur]
  ignore line: [/usr/bin/make -f CMakeFiles/cmTryCompileExec891776813.dir/build.make CMakeFiles/cmTryCompileExec891776813.dir/build]
  ignore line: [make[1]: entrant dans le répertoire « /import/etud/34/rtaillandier/Documents/TP2_ISI-master/TP2_ISI/isiviewer_build/CMakeFiles/CMakeTmp »]
  ignore line: [make[1]: AVERTISSEMENT: fichier « CMakeFiles/cmTryCompileExec891776813.dir/flags.make » a une date de modification 0,1 dans le futur]
  ignore line: [/usr/bin/cmake -E cmake_progress_report /home/34/rtaillandier/Documents/TP2_ISI-master/TP2_ISI/isiviewer_build/CMakeFiles/CMakeTmp/CMakeFiles 1]
  ignore line: [Building C object CMakeFiles/cmTryCompileExec891776813.dir/CMakeCCompilerABI.c.o]
  ignore line: [/usr/bin/cc    -o CMakeFiles/cmTryCompileExec891776813.dir/CMakeCCompilerABI.c.o   -c /usr/share/cmake-2.8/Modules/CMakeCCompilerABI.c]
  ignore line: [Linking C executable cmTryCompileExec891776813]
  ignore line: [/usr/bin/cmake -E cmake_link_script CMakeFiles/cmTryCompileExec891776813.dir/link.txt --verbose=1]
  ignore line: [/usr/bin/cc     -v CMakeFiles/cmTryCompileExec891776813.dir/CMakeCCompilerABI.c.o  -o cmTryCompileExec891776813 -rdynamic  ]
  ignore line: [Using built-in specs.]
  ignore line: [COLLECT_GCC=/usr/bin/cc]
  ignore line: [COLLECT_LTO_WRAPPER=/usr/lib/gcc/x86_64-linux-gnu/4.8/lto-wrapper]
  ignore line: [Target: x86_64-linux-gnu]
  ignore line: [Configured with: ../src/configure -v --with-pkgversion='Ubuntu 4.8.4-2ubuntu1~14.04.3' --with-bugurl=file:///usr/share/doc/gcc-4.8/README.Bugs --enable-languages=c,c++,java,go,d,fortran,objc,obj-c++ --prefix=/usr --program-suffix=-4.8 --enable-shared --enable-linker-build-id --libexecdir=/usr/lib --without-included-gettext --enable-threads=posix --with-gxx-include-dir=/usr/include/c++/4.8 --libdir=/usr/lib --enable-nls --with-sysroot=/ --enable-clocale=gnu --enable-libstdcxx-debug --enable-libstdcxx-time=yes --enable-gnu-unique-object --disable-libmudflap --enable-plugin --with-system-zlib --disable-browser-plugin --enable-java-awt=gtk --enable-gtk-cairo --with-java-home=/usr/lib/jvm/java-1.5.0-gcj-4.8-amd64/jre --enable-java-home --with-jvm-root-dir=/usr/lib/jvm/java-1.5.0-gcj-4.8-amd64 --with-jvm-jar-dir=/usr/lib/jvm-exports/java-1.5.0-gcj-4.8-amd64 --with-arch-directory=amd64 --with-ecj-jar=/usr/share/java/eclipse-ecj.jar --enable-objc-gc --enable-multiarch --disable-werror --with-arch-32=i686 --with-abi=m64 --with-multilib-list=m32,m64,mx32 --with-tune=generic --enable-checking=release --build=x86_64-linux-gnu --host=x86_64-linux-gnu --target=x86_64-linux-gnu]
  ignore line: [Thread model: posix]
  ignore line: [gcc version 4.8.4 (Ubuntu 4.8.4-2ubuntu1~14.04.3) ]
  ignore line: [COMPILER_PATH=/usr/lib/gcc/x86_64-linux-gnu/4.8/:/usr/lib/gcc/x86_64-linux-gnu/4.8/:/usr/lib/gcc/x86_64-linux-gnu/:/usr/lib/gcc/x86_64-linux-gnu/4.8/:/usr/lib/gcc/x86_64-linux-gnu/]
  ignore line: [LIBRARY_PATH=/usr/lib/gcc/x86_64-linux-gnu/4.8/:/usr/lib/gcc/x86_64-linux-gnu/4.8/../../../x86_64-linux-gnu/:/usr/lib/gcc/x86_64-linux-gnu/4.8/../../../../lib/:/lib/x86_64-linux-gnu/:/lib/../lib/:/usr/lib/x86_64-linux-gnu/:/usr/lib/../lib/:/usr/lib/gcc/x86_64-linux-gnu/4.8/../../../:/lib/:/usr/lib/]
  ignore line: [COLLECT_GCC_OPTIONS='-v' '-o' 'cmTryCompileExec891776813' '-rdynamic' '-mtune=generic' '-march=x86-64']
  link line: [ /usr/lib/gcc/x86_64-linux-gnu/4.8/collect2 --sysroot=/ --build-id --eh-frame-hdr -m elf_x86_64 --hash-style=gnu --as-needed -export-dynamic -dynamic-linker /lib64/ld-linux-x86-64.so.2 -z relro -o cmTryCompileExec891776813 /usr/lib/gcc/x86_64-linux-gnu/4.8/../../../x86_64-linux-gnu/crt1.o /usr/lib/gcc/x86_64-linux-gnu/4.8/../../../x86_64-linux-gnu/crti.o /usr/lib/gcc/x86_64-linux-gnu/4.8/crtbegin.o -L/usr/lib/gcc/x86_64-linux-gnu/4.8 -L/usr/lib/gcc/x86_64-linux-gnu/4.8/../../../x86_64-linux-gnu -L/usr/lib/gcc/x86_64-linux-gnu/4.8/../../../../lib -L/lib/x86_64-linux-gnu -L/lib/../lib -L/usr/lib/x86_64-linux-gnu -L/usr/lib/../lib -L/usr/lib/gcc/x86_64-linux-gnu/4.8/../../.. CMakeFiles/cmTryCompileExec891776813.dir/CMakeCCompilerABI.c.o -lgcc --as-needed -lgcc_s --no-as-needed -lc -lgcc --as-needed -lgcc_s --no-as-needed /usr/lib/gcc/x86_64-linux-gnu/4.8/crtend.o /usr/lib/gcc/x86_64-linux-gnu/4.8/../../../x86_64-linux-gnu/crtn.o]
    arg [/usr/lib/gcc/x86_64-linux-gnu/4.8/collect2] ==> ignore
    arg [--sysroot=/] ==> ignore
    arg [--build-id] ==> ignore
    arg [--eh-frame-hdr] ==> ignore
    arg [-m] ==> ignore
    arg [elf_x86_64] ==> ignore
    arg [--hash-style=gnu] ==> ignore
    arg [--as-needed] ==> ignore
    arg [-export-dynamic] ==> ignore
    arg [-dynamic-linker] ==> ignore
    arg [/lib64/ld-linux-x86-64.so.2] ==> ignore
    arg [-zrelro] ==> ignore
    arg [-o] ==> ignore
    arg [cmTryCompileExec891776813] ==> ignore
    arg [/usr/lib/gcc/x86_64-linux-gnu/4.8/../../../x86_64-linux-gnu/crt1.o] ==> ignore
    arg [/usr/lib/gcc/x86_64-linux-gnu/4.8/../../../x86_64-linux-gnu/crti.o] ==> ignore
    arg [/usr/lib/gcc/x86_64-linux-gnu/4.8/crtbegin.o] ==> ignore
    arg [-L/usr/lib/gcc/x86_64-linux-gnu/4.8] ==> dir [/usr/lib/gcc/x86_64-linux-gnu/4.8]
    arg [-L/usr/lib/gcc/x86_64-linux-gnu/4.8/../../../x86_64-linux-gnu] ==> dir [/usr/lib/gcc/x86_64-linux-gnu/4.8/../../../x86_64-linux-gnu]
    arg [-L/usr/lib/gcc/x86_64-linux-gnu/4.8/../../../../lib] ==> dir [/usr/lib/gcc/x86_64-linux-gnu/4.8/../../../../lib]
    arg [-L/lib/x86_64-linux-gnu] ==> dir [/lib/x86_64-linux-gnu]
    arg [-L/lib/../lib] ==> dir [/lib/../lib]
    arg [-L/usr/lib/x86_64-linux-gnu] ==> dir [/usr/lib/x86_64-linux-gnu]
    arg [-L/usr/lib/../lib] ==> dir [/usr/lib/../lib]
    arg [-L/usr/lib/gcc/x86_64-linux-gnu/4.8/../../..] ==> dir [/usr/lib/gcc/x86_64-linux-gnu/4.8/../../..]
    arg [CMakeFiles/cmTryCompileExec891776813.dir/CMakeCCompilerABI.c.o] ==> ignore
    arg [-lgcc] ==> lib [gcc]
    arg [--as-needed] ==> ignore
    arg [-lgcc_s] ==> lib [gcc_s]
    arg [--no-as-needed] ==> ignore
    arg [-lc] ==> lib [c]
    arg [-lgcc] ==> lib [gcc]
    arg [--as-needed] ==> ignore
    arg [-lgcc_s] ==> lib [gcc_s]
    arg [--no-as-needed] ==> ignore
    arg [/usr/lib/gcc/x86_64-linux-gnu/4.8/crtend.o] ==> ignore
    arg [/usr/lib/gcc/x86_64-linux-gnu/4.8/../../../x86_64-linux-gnu/crtn.o] ==> ignore
  remove lib [gcc]
  remove lib [gcc_s]
  remove lib [gcc]
  remove lib [gcc_s]
  collapse library dir [/usr/lib/gcc/x86_64-linux-gnu/4.8] ==> [/usr/lib/gcc/x86_64-linux-gnu/4.8]
  collapse library dir [/usr/lib/gcc/x86_64-linux-gnu/4.8/../../../x86_64-linux-gnu] ==> [/usr/lib/x86_64-linux-gnu]
  collapse library dir [/usr/lib/gcc/x86_64-linux-gnu/4.8/../../../../lib] ==> [/usr/lib]
  collapse library dir [/lib/x86_64-linux-gnu] ==> [/lib/x86_64-linux-gnu]
  collapse library dir [/lib/../lib] ==> [/lib]
  collapse library dir [/usr/lib/x86_64-linux-gnu] ==> [/usr/lib/x86_64-linux-gnu]
  collapse library dir [/usr/lib/../lib] ==> [/usr/lib]
  collapse library dir [/usr/lib/gcc/x86_64-linux-gnu/4.8/../../..] ==> [/usr/lib]
  implicit libs: [c]
  implicit dirs: [/usr/lib/gcc/x86_64-linux-gnu/4.8;/usr/lib/x86_64-linux-gnu;/usr/lib;/lib/x86_64-linux-gnu;/lib]
  implicit fwks: []


Determining if the CXX compiler works passed with the following output:
Change Dir: /home/34/rtaillandier/Documents/TP2_ISI-master/TP2_ISI/isiviewer_build/CMakeFiles/CMakeTmp

Run Build Command:/usr/bin/make "cmTryCompileExec2908359846/fast"
make: AVERTISSEMENT: fichier « Makefile » a une date de modification 0,11 dans le futur
/usr/bin/make -f CMakeFiles/cmTryCompileExec2908359846.dir/build.make CMakeFiles/cmTryCompileExec2908359846.dir/build
make[1]: entrant dans le répertoire « /import/etud/34/rtaillandier/Documents/TP2_ISI-master/TP2_ISI/isiviewer_build/CMakeFiles/CMakeTmp »
make[1]: AVERTISSEMENT: fichier « CMakeFiles/cmTryCompileExec2908359846.dir/flags.make » a une date de modification 0,1 dans le futur
/usr/bin/cmake -E cmake_progress_report /home/34/rtaillandier/Documents/TP2_ISI-master/TP2_ISI/isiviewer_build/CMakeFiles/CMakeTmp/CMakeFiles 1
Building CXX object CMakeFiles/cmTryCompileExec2908359846.dir/testCXXCompiler.cxx.o
/usr/bin/c++     -o CMakeFiles/cmTryCompileExec2908359846.dir/testCXXCompiler.cxx.o -c /home/34/rtaillandier/Documents/TP2_ISI-master/TP2_ISI/isiviewer_build/CMakeFiles/CMakeTmp/testCXXCompiler.cxx
Linking CXX executable cmTryCompileExec2908359846
/usr/bin/cmake -E cmake_link_script CMakeFiles/cmTryCompileExec2908359846.dir/link.txt --verbose=1
/usr/bin/c++        CMakeFiles/cmTryCompileExec2908359846.dir/testCXXCompiler.cxx.o  -o cmTryCompileExec2908359846 -rdynamic 
make[1]: quittant le répertoire « /import/etud/34/rtaillandier/Documents/TP2_ISI-master/TP2_ISI/isiviewer_build/CMakeFiles/CMakeTmp »
make[1]: AVERTISSEMENT : décalage d'horloge détecté. La construction peut être incomplète.
make: AVERTISSEMENT : décalage d'horloge détecté. La construction peut être incomplète.


Detecting CXX compiler ABI info compiled with the following output:
Change Dir: /home/34/rtaillandier/Documents/TP2_ISI-master/TP2_ISI/isiviewer_build/CMakeFiles/CMakeTmp

Run Build Command:/usr/bin/make "cmTryCompileExec2309263200/fast"
make: AVERTISSEMENT: fichier « Makefile » a une date de modification 0,11 dans le futur
/usr/bin/make -f CMakeFiles/cmTryCompileExec2309263200.dir/build.make CMakeFiles/cmTryCompileExec2309263200.dir/build
make[1]: entrant dans le répertoire « /import/etud/34/rtaillandier/Documents/TP2_ISI-master/TP2_ISI/isiviewer_build/CMakeFiles/CMakeTmp »
make[1]: AVERTISSEMENT: fichier « CMakeFiles/cmTryCompileExec2309263200.dir/flags.make » a une date de modification 0,1 dans le futur
/usr/bin/cmake -E cmake_progress_report /home/34/rtaillandier/Documents/TP2_ISI-master/TP2_ISI/isiviewer_build/CMakeFiles/CMakeTmp/CMakeFiles 1
Building CXX object CMakeFiles/cmTryCompileExec2309263200.dir/CMakeCXXCompilerABI.cpp.o
/usr/bin/c++     -o CMakeFiles/cmTryCompileExec2309263200.dir/CMakeCXXCompilerABI.cpp.o -c /usr/share/cmake-2.8/Modules/CMakeCXXCompilerABI.cpp
Linking CXX executable cmTryCompileExec2309263200
/usr/bin/cmake -E cmake_link_script CMakeFiles/cmTryCompileExec2309263200.dir/link.txt --verbose=1
/usr/bin/c++      -v CMakeFiles/cmTryCompileExec2309263200.dir/CMakeCXXCompilerABI.cpp.o  -o cmTryCompileExec2309263200 -rdynamic  
Using built-in specs.
COLLECT_GCC=/usr/bin/c++
COLLECT_LTO_WRAPPER=/usr/lib/gcc/x86_64-linux-gnu/4.8/lto-wrapper
Target: x86_64-linux-gnu
Configured with: ../src/configure -v --with-pkgversion='Ubuntu 4.8.4-2ubuntu1~14.04.3' --with-bugurl=file:///usr/share/doc/gcc-4.8/README.Bugs --enable-languages=c,c++,java,go,d,fortran,objc,obj-c++ --prefix=/usr --program-suffix=-4.8 --enable-shared --enable-linker-build-id --libexecdir=/usr/lib --without-included-gettext --enable-threads=posix --with-gxx-include-dir=/usr/include/c++/4.8 --libdir=/usr/lib --enable-nls --with-sysroot=/ --enable-clocale=gnu --enable-libstdcxx-debug --enable-libstdcxx-time=yes --enable-gnu-unique-object --disable-libmudflap --enable-plugin --with-system-zlib --disable-browser-plugin --enable-java-awt=gtk --enable-gtk-cairo --with-java-home=/usr/lib/jvm/java-1.5.0-gcj-4.8-amd64/jre --enable-java-home --with-jvm-root-dir=/usr/lib/jvm/java-1.5.0-gcj-4.8-amd64 --with-jvm-jar-dir=/usr/lib/jvm-exports/java-1.5.0-gcj-4.8-amd64 --with-arch-directory=amd64 --with-ecj-jar=/usr/share/java/eclipse-ecj.jar --enable-objc-gc --enable-multiarch --disable-werror --with-arch-32=i686 --with-abi=m64 --with-multilib-list=m32,m64,mx32 --with-tune=generic --enable-checking=release --build=x86_64-linux-gnu --host=x86_64-linux-gnu --target=x86_64-linux-gnu
Thread model: posix
gcc version 4.8.4 (Ubuntu 4.8.4-2ubuntu1~14.04.3) 
COMPILER_PATH=/usr/lib/gcc/x86_64-linux-gnu/4.8/:/usr/lib/gcc/x86_64-linux-gnu/4.8/:/usr/lib/gcc/x86_64-linux-gnu/:/usr/lib/gcc/x86_64-linux-gnu/4.8/:/usr/lib/gcc/x86_64-linux-gnu/
LIBRARY_PATH=/usr/lib/gcc/x86_64-linux-gnu/4.8/:/usr/lib/gcc/x86_64-linux-gnu/4.8/../../../x86_64-linux-gnu/:/usr/lib/gcc/x86_64-linux-gnu/4.8/../../../../lib/:/lib/x86_64-linux-gnu/:/lib/../lib/:/usr/lib/x86_64-linux-gnu/:/usr/lib/../lib/:/usr/lib/gcc/x86_64-linux-gnu/4.8/../../../:/lib/:/usr/lib/
COLLECT_GCC_OPTIONS='-v' '-o' 'cmTryCompileExec2309263200' '-rdynamic' '-shared-libgcc' '-mtune=generic' '-march=x86-64'
 /usr/lib/gcc/x86_64-linux-gnu/4.8/collect2 --sysroot=/ --build-id --eh-frame-hdr -m elf_x86_64 --hash-style=gnu --as-needed -export-dynamic -dynamic-linker /lib64/ld-linux-x86-64.so.2 -z relro -o cmTryCompileExec2309263200 /usr/lib/gcc/x86_64-linux-gnu/4.8/../../../x86_64-linux-gnu/crt1.o /usr/lib/gcc/x86_64-linux-gnu/4.8/../../../x86_64-linux-gnu/crti.o /usr/lib/gcc/x86_64-linux-gnu/4.8/crtbegin.o -L/usr/lib/gcc/x86_64-linux-gnu/4.8 -L/usr/lib/gcc/x86_64-linux-gnu/4.8/../../../x86_64-linux-gnu -L/usr/lib/gcc/x86_64-linux-gnu/4.8/../../../../lib -L/lib/x86_64-linux-gnu -L/lib/../lib -L/usr/lib/x86_64-linux-gnu -L/usr/lib/../lib -L/usr/lib/gcc/x86_64-linux-gnu/4.8/../../.. CMakeFiles/cmTryCompileExec2309263200.dir/CMakeCXXCompilerABI.cpp.o -lstdc++ -lm -lgcc_s -lgcc -lc -lgcc_s -lgcc /usr/lib/gcc/x86_64-linux-gnu/4.8/crtend.o /usr/lib/gcc/x86_64-linux-gnu/4.8/../../../x86_64-linux-gnu/crtn.o
make[1]: AVERTISSEMENT : décalage d'horloge détecté. La construction peut être incomplète.
make[1]: quittant le répertoire « /import/etud/34/rtaillandier/Documents/TP2_ISI-master/TP2_ISI/isiviewer_build/CMakeFiles/CMakeTmp »
make: AVERTISSEMENT : décalage d'horloge détecté. La construction peut être incomplète.


Parsed CXX implicit link information from above output:
  link line regex: [^( *|.*[/\])(ld|([^/\]+-)?ld|collect2)[^/\]*( |$)]
  ignore line: [Change Dir: /home/34/rtaillandier/Documents/TP2_ISI-master/TP2_ISI/isiviewer_build/CMakeFiles/CMakeTmp]
  ignore line: []
  ignore line: [Run Build Command:/usr/bin/make "cmTryCompileExec2309263200/fast"]
  ignore line: [make: AVERTISSEMENT: fichier « Makefile » a une date de modification 0,11 dans le futur]
  ignore line: [/usr/bin/make -f CMakeFiles/cmTryCompileExec2309263200.dir/build.make CMakeFiles/cmTryCompileExec2309263200.dir/build]
  ignore line: [make[1]: entrant dans le répertoire « /import/etud/34/rtaillandier/Documents/TP2_ISI-master/TP2_ISI/isiviewer_build/CMakeFiles/CMakeTmp »]
  ignore line: [make[1]: AVERTISSEMENT: fichier « CMakeFiles/cmTryCompileExec2309263200.dir/flags.make » a une date de modification 0,1 dans le futur]
  ignore line: [/usr/bin/cmake -E cmake_progress_report /home/34/rtaillandier/Documents/TP2_ISI-master/TP2_ISI/isiviewer_build/CMakeFiles/CMakeTmp/CMakeFiles 1]
  ignore line: [Building CXX object CMakeFiles/cmTryCompileExec2309263200.dir/CMakeCXXCompilerABI.cpp.o]
  ignore line: [/usr/bin/c++     -o CMakeFiles/cmTryCompileExec2309263200.dir/CMakeCXXCompilerABI.cpp.o -c /usr/share/cmake-2.8/Modules/CMakeCXXCompilerABI.cpp]
  ignore line: [Linking CXX executable cmTryCompileExec2309263200]
  ignore line: [/usr/bin/cmake -E cmake_link_script CMakeFiles/cmTryCompileExec2309263200.dir/link.txt --verbose=1]
  ignore line: [/usr/bin/c++      -v CMakeFiles/cmTryCompileExec2309263200.dir/CMakeCXXCompilerABI.cpp.o  -o cmTryCompileExec2309263200 -rdynamic  ]
  ignore line: [Using built-in specs.]
  ignore line: [COLLECT_GCC=/usr/bin/c++]
  ignore line: [COLLECT_LTO_WRAPPER=/usr/lib/gcc/x86_64-linux-gnu/4.8/lto-wrapper]
  ignore line: [Target: x86_64-linux-gnu]
  ignore line: [Configured with: ../src/configure -v --with-pkgversion='Ubuntu 4.8.4-2ubuntu1~14.04.3' --with-bugurl=file:///usr/share/doc/gcc-4.8/README.Bugs --enable-languages=c,c++,java,go,d,fortran,objc,obj-c++ --prefix=/usr --program-suffix=-4.8 --enable-shared --enable-linker-build-id --libexecdir=/usr/lib --without-included-gettext --enable-threads=posix --with-gxx-include-dir=/usr/include/c++/4.8 --libdir=/usr/lib --enable-nls --with-sysroot=/ --enable-clocale=gnu --enable-libstdcxx-debug --enable-libstdcxx-time=yes --enable-gnu-unique-object --disable-libmudflap --enable-plugin --with-system-zlib --disable-browser-plugin --enable-java-awt=gtk --enable-gtk-cairo --with-java-home=/usr/lib/jvm/java-1.5.0-gcj-4.8-amd64/jre --enable-java-home --with-jvm-root-dir=/usr/lib/jvm/java-1.5.0-gcj-4.8-amd64 --with-jvm-jar-dir=/usr/lib/jvm-exports/java-1.5.0-gcj-4.8-amd64 --with-arch-directory=amd64 --with-ecj-jar=/usr/share/java/eclipse-ecj.jar --enable-objc-gc --enable-multiarch --disable-werror --with-arch-32=i686 --with-abi=m64 --with-multilib-list=m32,m64,mx32 --with-tune=generic --enable-checking=release --build=x86_64-linux-gnu --host=x86_64-linux-gnu --target=x86_64-linux-gnu]
  ignore line: [Thread model: posix]
  ignore line: [gcc version 4.8.4 (Ubuntu 4.8.4-2ubuntu1~14.04.3) ]
  ignore line: [COMPILER_PATH=/usr/lib/gcc/x86_64-linux-gnu/4.8/:/usr/lib/gcc/x86_64-linux-gnu/4.8/:/usr/lib/gcc/x86_64-linux-gnu/:/usr/lib/gcc/x86_64-linux-gnu/4.8/:/usr/lib/gcc/x86_64-linux-gnu/]
  ignore line: [LIBRARY_PATH=/usr/lib/gcc/x86_64-linux-gnu/4.8/:/usr/lib/gcc/x86_64-linux-gnu/4.8/../../../x86_64-linux-gnu/:/usr/lib/gcc/x86_64-linux-gnu/4.8/../../../../lib/:/lib/x86_64-linux-gnu/:/lib/../lib/:/usr/lib/x86_64-linux-gnu/:/usr/lib/../lib/:/usr/lib/gcc/x86_64-linux-gnu/4.8/../../../:/lib/:/usr/lib/]
  ignore line: [COLLECT_GCC_OPTIONS='-v' '-o' 'cmTryCompileExec2309263200' '-rdynamic' '-shared-libgcc' '-mtune=generic' '-march=x86-64']
  link line: [ /usr/lib/gcc/x86_64-linux-gnu/4.8/collect2 --sysroot=/ --build-id --eh-frame-hdr -m elf_x86_64 --hash-style=gnu --as-needed -export-dynamic -dynamic-linker /lib64/ld-linux-x86-64.so.2 -z relro -o cmTryCompileExec2309263200 /usr/lib/gcc/x86_64-linux-gnu/4.8/../../../x86_64-linux-gnu/crt1.o /usr/lib/gcc/x86_64-linux-gnu/4.8/../../../x86_64-linux-gnu/crti.o /usr/lib/gcc/x86_64-linux-gnu/4.8/crtbegin.o -L/usr/lib/gcc/x86_64-linux-gnu/4.8 -L/usr/lib/gcc/x86_64-linux-gnu/4.8/../../../x86_64-linux-gnu -L/usr/lib/gcc/x86_64-linux-gnu/4.8/../../../../lib -L/lib/x86_64-linux-gnu -L/lib/../lib -L/usr/lib/x86_64-linux-gnu -L/usr/lib/../lib -L/usr/lib/gcc/x86_64-linux-gnu/4.8/../../.. CMakeFiles/cmTryCompileExec2309263200.dir/CMakeCXXCompilerABI.cpp.o -lstdc++ -lm -lgcc_s -lgcc -lc -lgcc_s -lgcc /usr/lib/gcc/x86_64-linux-gnu/4.8/crtend.o /usr/lib/gcc/x86_64-linux-gnu/4.8/../../../x86_64-linux-gnu/crtn.o]
    arg [/usr/lib/gcc/x86_64-linux-gnu/4.8/collect2] ==> ignore
    arg [--sysroot=/] ==> ignore
    arg [--build-id] ==> ignore
    arg [--eh-frame-hdr] ==> ignore
    arg [-m] ==> ignore
    arg [elf_x86_64] ==> ignore
    arg [--hash-style=gnu] ==> ignore
    arg [--as-needed] ==> ignore
    arg [-export-dynamic] ==> ignore
    arg [-dynamic-linker] ==> ignore
    arg [/lib64/ld-linux-x86-64.so.2] ==> ignore
    arg [-zrelro] ==> ignore
    arg [-o] ==> ignore
    arg [cmTryCompileExec2309263200] ==> ignore
    arg [/usr/lib/gcc/x86_64-linux-gnu/4.8/../../../x86_64-linux-gnu/crt1.o] ==> ignore
    arg [/usr/lib/gcc/x86_64-linux-gnu/4.8/../../../x86_64-linux-gnu/crti.o] ==> ignore
    arg [/usr/lib/gcc/x86_64-linux-gnu/4.8/crtbegin.o] ==> ignore
    arg [-L/usr/lib/gcc/x86_64-linux-gnu/4.8] ==> dir [/usr/lib/gcc/x86_64-linux-gnu/4.8]
    arg [-L/usr/lib/gcc/x86_64-linux-gnu/4.8/../../../x86_64-linux-gnu] ==> dir [/usr/lib/gcc/x86_64-linux-gnu/4.8/../../../x86_64-linux-gnu]
    arg [-L/usr/lib/gcc/x86_64-linux-gnu/4.8/../../../../lib] ==> dir [/usr/lib/gcc/x86_64-linux-gnu/4.8/../../../../lib]
    arg [-L/lib/x86_64-linux-gnu] ==> dir [/lib/x86_64-linux-gnu]
    arg [-L/lib/../lib] ==> dir [/lib/../lib]
    arg [-L/usr/lib/x86_64-linux-gnu] ==> dir [/usr/lib/x86_64-linux-gnu]
    arg [-L/usr/lib/../lib] ==> dir [/usr/lib/../lib]
    arg [-L/usr/lib/gcc/x86_64-linux-gnu/4.8/../../..] ==> dir [/usr/lib/gcc/x86_64-linux-gnu/4.8/../../..]
    arg [CMakeFiles/cmTryCompileExec2309263200.dir/CMakeCXXCompilerABI.cpp.o] ==> ignore
    arg [-lstdc++] ==> lib [stdc++]
    arg [-lm] ==> lib [m]
    arg [-lgcc_s] ==> lib [gcc_s]
    arg [-lgcc] ==> lib [gcc]
    arg [-lc] ==> lib [c]
    arg [-lgcc_s] ==> lib [gcc_s]
    arg [-lgcc] ==> lib [gcc]
    arg [/usr/lib/gcc/x86_64-linux-gnu/4.8/crtend.o] ==> ignore
    arg [/usr/lib/gcc/x86_64-linux-gnu/4.8/../../../x86_64-linux-gnu/crtn.o] ==> ignore
  remove lib [gcc_s]
  remove lib [gcc]
  remove lib [gcc_s]
  remove lib [gcc]
  collapse library dir [/usr/lib/gcc/x86_64-linux-gnu/4.8] ==> [/usr/lib/gcc/x86_64-linux-gnu/4.8]
  collapse library dir [/usr/lib/gcc/x86_64-linux-gnu/4.8/../../../x86_64-linux-gnu] ==> [/usr/lib/x86_64-linux-gnu]
  collapse library dir [/usr/lib/gcc/x86_64-linux-gnu/4.8/../../../../lib] ==> [/usr/lib]
  collapse library dir [/lib/x86_64-linux-gnu] ==> [/lib/x86_64-linux-gnu]
  collapse library dir [/lib/../lib] ==> [/lib]
  collapse library dir [/usr/lib/x86_64-linux-gnu] ==> [/usr/lib/x86_64-linux-gnu]
  collapse library dir [/usr/lib/../lib] ==> [/usr/lib]
  collapse library dir [/usr/lib/gcc/x86_64-linux-gnu/4.8/../../..] ==> [/usr/lib]
  implicit libs: [stdc++;m;c]
  implicit dirs: [/usr/lib/gcc/x86_64-linux-gnu/4.8;/usr/lib/x86_64-linux-gnu;/usr/lib;/lib/x86_64-linux-gnu;/lib]
  implicit fwks: []


Determining if the function XOpenDisplay exists in the /usr/lib/x86_64-linux-gnu/libX11.so;/usr/lib/x86_64-linux-gnu/libXext.so passed with the following output:
Change Dir: /home/34/rtaillandier/Documents/TP2_ISI-master/TP2_ISI/isiviewer_build/CMakeFiles/CMakeTmp

Run Build Command:/usr/bin/make "cmTryCompileExec872824250/fast"
make: AVERTISSEMENT: fichier « Makefile » a une date de modification 0,11 dans le futur
/usr/bin/make -f CMakeFiles/cmTryCompileExec872824250.dir/build.make CMakeFiles/cmTryCompileExec872824250.dir/build
make[1]: entrant dans le répertoire « /import/etud/34/rtaillandier/Documents/TP2_ISI-master/TP2_ISI/isiviewer_build/CMakeFiles/CMakeTmp »
make[1]: AVERTISSEMENT: fichier « CMakeFiles/cmTryCompileExec872824250.dir/flags.make » a une date de modification 0,1 dans le futur
/usr/bin/cmake -E cmake_progress_report /home/34/rtaillandier/Documents/TP2_ISI-master/TP2_ISI/isiviewer_build/CMakeFiles/CMakeTmp/CMakeFiles 1
Building C object CMakeFiles/cmTryCompileExec872824250.dir/CheckFunctionExists.c.o
/usr/bin/cc   -DCHECK_FUNCTION_EXISTS=XOpenDisplay   -o CMakeFiles/cmTryCompileExec872824250.dir/CheckFunctionExists.c.o   -c /usr/share/cmake-2.8/Modules/CheckFunctionExists.c
Linking C executable cmTryCompileExec872824250
/usr/bin/cmake -E cmake_link_script CMakeFiles/cmTryCompileExec872824250.dir/link.txt --verbose=1
/usr/bin/cc   -DCHECK_FUNCTION_EXISTS=XOpenDisplay    CMakeFiles/cmTryCompileExec872824250.dir/CheckFunctionExists.c.o  -o cmTryCompileExec872824250 -rdynamic -lX11 -lXext 
make[1]: quittant le répertoire « /import/etud/34/rtaillandier/Documents/TP2_ISI-master/TP2_ISI/isiviewer_build/CMakeFiles/CMakeTmp »
make[1]: AVERTISSEMENT : décalage d'horloge détecté. La construction peut être incomplète.
make: AVERTISSEMENT : décalage d'horloge détecté. La construction peut être incomplète.


Determining if the function gethostbyname exists passed with the following output:
Change Dir: /home/34/rtaillandier/Documents/TP2_ISI-master/TP2_ISI/isiviewer_build/CMakeFiles/CMakeTmp

Run Build Command:/usr/bin/make "cmTryCompileExec455108476/fast"
make: AVERTISSEMENT: fichier « Makefile » a une date de modification 0,11 dans le futur
/usr/bin/make -f CMakeFiles/cmTryCompileExec455108476.dir/build.make CMakeFiles/cmTryCompileExec455108476.dir/build
make[1]: entrant dans le répertoire « /import/etud/34/rtaillandier/Documents/TP2_ISI-master/TP2_ISI/isiviewer_build/CMakeFiles/CMakeTmp »
make[1]: AVERTISSEMENT: fichier « CMakeFiles/cmTryCompileExec455108476.dir/flags.make » a une date de modification 0,097 dans le futur
/usr/bin/cmake -E cmake_progress_report /home/34/rtaillandier/Documents/TP2_ISI-master/TP2_ISI/isiviewer_build/CMakeFiles/CMakeTmp/CMakeFiles 1
Building C object CMakeFiles/cmTryCompileExec455108476.dir/CheckFunctionExists.c.o
/usr/bin/cc   -DCHECK_FUNCTION_EXISTS=gethostbyname   -o CMakeFiles/cmTryCompileExec455108476.dir/CheckFunctionExists.c.o   -c /usr/share/cmake-2.8/Modules/CheckFunctionExists.c
Linking C executable cmTryCompileExec455108476
/usr/bin/cmake -E cmake_link_script CMakeFiles/cmTryCompileExec455108476.dir/link.txt --verbose=1
/usr/bin/cc   -DCHECK_FUNCTION_EXISTS=gethostbyname    CMakeFiles/cmTryCompileExec455108476.dir/CheckFunctionExists.c.o  -o cmTryCompileExec455108476 -rdynamic 
make[1]: quittant le répertoire « /import/etud/34/rtaillandier/Documents/TP2_ISI-master/TP2_ISI/isiviewer_build/CMakeFiles/CMakeTmp »
make[1]: AVERTISSEMENT : décalage d'horloge détecté. La construction peut être incomplète.
make: AVERTISSEMENT : décalage d'horloge détecté. La construction peut être incomplète.


Determining if the function connect exists passed with the following output:
Change Dir: /home/34/rtaillandier/Documents/TP2_ISI-master/TP2_ISI/isiviewer_build/CMakeFiles/CMakeTmp

Run Build Command:/usr/bin/make "cmTryCompileExec608149238/fast"
make: AVERTISSEMENT: fichier « Makefile » a une date de modification 0,12 dans le futur
/usr/bin/make -f CMakeFiles/cmTryCompileExec608149238.dir/build.make CMakeFiles/cmTryCompileExec608149238.dir/build
make[1]: entrant dans le répertoire « /import/etud/34/rtaillandier/Documents/TP2_ISI-master/TP2_ISI/isiviewer_build/CMakeFiles/CMakeTmp »
make[1]: AVERTISSEMENT: fichier « CMakeFiles/cmTryCompileExec608149238.dir/flags.make » a une date de modification 0,11 dans le futur
/usr/bin/cmake -E cmake_progress_report /home/34/rtaillandier/Documents/TP2_ISI-master/TP2_ISI/isiviewer_build/CMakeFiles/CMakeTmp/CMakeFiles 1
Building C object CMakeFiles/cmTryCompileExec608149238.dir/CheckFunctionExists.c.o
/usr/bin/cc   -DCHECK_FUNCTION_EXISTS=connect   -o CMakeFiles/cmTryCompileExec608149238.dir/CheckFunctionExists.c.o   -c /usr/share/cmake-2.8/Modules/CheckFunctionExists.c
Linking C executable cmTryCompileExec608149238
/usr/bin/cmake -E cmake_link_script CMakeFiles/cmTryCompileExec608149238.dir/link.txt --verbose=1
/usr/bin/cc   -DCHECK_FUNCTION_EXISTS=connect    CMakeFiles/cmTryCompileExec608149238.dir/CheckFunctionExists.c.o  -o cmTryCompileExec608149238 -rdynamic 
make[1]: AVERTISSEMENT : décalage d'horloge détecté. La construction peut être incomplète.
make[1]: quittant le répertoire « /import/etud/34/rtaillandier/Documents/TP2_ISI-master/TP2_ISI/isiviewer_build/CMakeFiles/CMakeTmp »
make: AVERTISSEMENT : décalage d'horloge détecté. La construction peut être incomplète.


Determining if the function remove exists passed with the following output:
Change Dir: /home/34/rtaillandier/Documents/TP2_ISI-master/TP2_ISI/isiviewer_build/CMakeFiles/CMakeTmp

Run Build Command:/usr/bin/make "cmTryCompileExec3817280178/fast"
make: AVERTISSEMENT: fichier « Makefile » a une date de modification 0,11 dans le futur
/usr/bin/make -f CMakeFiles/cmTryCompileExec3817280178.dir/build.make CMakeFiles/cmTryCompileExec3817280178.dir/build
make[1]: entrant dans le répertoire « /import/etud/34/rtaillandier/Documents/TP2_ISI-master/TP2_ISI/isiviewer_build/CMakeFiles/CMakeTmp »
make[1]: AVERTISSEMENT: fichier « CMakeFiles/cmTryCompileExec3817280178.dir/flags.make » a une date de modification 0,1 dans le futur
/usr/bin/cmake -E cmake_progress_report /home/34/rtaillandier/Documents/TP2_ISI-master/TP2_ISI/isiviewer_build/CMakeFiles/CMakeTmp/CMakeFiles 1
Building C object CMakeFiles/cmTryCompileExec3817280178.dir/CheckFunctionExists.c.o
/usr/bin/cc   -DCHECK_FUNCTION_EXISTS=remove   -o CMakeFiles/cmTryCompileExec3817280178.dir/CheckFunctionExists.c.o   -c /usr/share/cmake-2.8/Modules/CheckFunctionExists.c
Linking C executable cmTryCompileExec3817280178
/usr/bin/cmake -E cmake_link_script CMakeFiles/cmTryCompileExec3817280178.dir/link.txt --verbose=1
/usr/bin/cc   -DCHECK_FUNCTION_EXISTS=remove    CMakeFiles/cmTryCompileExec3817280178.dir/CheckFunctionExists.c.o  -o cmTryCompileExec3817280178 -rdynamic 
make[1]: quittant le répertoire « /import/etud/34/rtaillandier/Documents/TP2_ISI-master/TP2_ISI/isiviewer_build/CMakeFiles/CMakeTmp »
make[1]: AVERTISSEMENT : décalage d'horloge détecté. La construction peut être incomplète.
make: AVERTISSEMENT : décalage d'horloge détecté. La construction peut être incomplète.


Determining if the function shmat exists passed with the following output:
Change Dir: /home/34/rtaillandier/Documents/TP2_ISI-master/TP2_ISI/isiviewer_build/CMakeFiles/CMakeTmp

Run Build Command:/usr/bin/make "cmTryCompileExec2211780247/fast"
make: AVERTISSEMENT: fichier « Makefile » a une date de modification 0,11 dans le futur
/usr/bin/make -f CMakeFiles/cmTryCompileExec2211780247.dir/build.make CMakeFiles/cmTryCompileExec2211780247.dir/build
make[1]: entrant dans le répertoire « /import/etud/34/rtaillandier/Documents/TP2_ISI-master/TP2_ISI/isiviewer_build/CMakeFiles/CMakeTmp »
make[1]: AVERTISSEMENT: fichier « CMakeFiles/cmTryCompileExec2211780247.dir/flags.make » a une date de modification 0,1 dans le futur
/usr/bin/cmake -E cmake_progress_report /home/34/rtaillandier/Documents/TP2_ISI-master/TP2_ISI/isiviewer_build/CMakeFiles/CMakeTmp/CMakeFiles 1
Building C object CMakeFiles/cmTryCompileExec2211780247.dir/CheckFunctionExists.c.o
/usr/bin/cc   -DCHECK_FUNCTION_EXISTS=shmat   -o CMakeFiles/cmTryCompileExec2211780247.dir/CheckFunctionExists.c.o   -c /usr/share/cmake-2.8/Modules/CheckFunctionExists.c
Linking C executable cmTryCompileExec2211780247
/usr/bin/cmake -E cmake_link_script CMakeFiles/cmTryCompileExec2211780247.dir/link.txt --verbose=1
/usr/bin/cc   -DCHECK_FUNCTION_EXISTS=shmat    CMakeFiles/cmTryCompileExec2211780247.dir/CheckFunctionExists.c.o  -o cmTryCompileExec2211780247 -rdynamic 
make[1]: quittant le répertoire « /import/etud/34/rtaillandier/Documents/TP2_ISI-master/TP2_ISI/isiviewer_build/CMakeFiles/CMakeTmp »
make[1]: AVERTISSEMENT : décalage d'horloge détecté. La construction peut être incomplète.
make: AVERTISSEMENT : décalage d'horloge détecté. La construction peut être incomplète.


Determining if the function IceConnectionNumber exists in the ICE passed with the following output:
Change Dir: /home/34/rtaillandier/Documents/TP2_ISI-master/TP2_ISI/isiviewer_build/CMakeFiles/CMakeTmp

Run Build Command:/usr/bin/make "cmTryCompileExec111632131/fast"
make: AVERTISSEMENT: fichier « Makefile » a une date de modification 0,11 dans le futur
/usr/bin/make -f CMakeFiles/cmTryCompileExec111632131.dir/build.make CMakeFiles/cmTryCompileExec111632131.dir/build
make[1]: entrant dans le répertoire « /import/etud/34/rtaillandier/Documents/TP2_ISI-master/TP2_ISI/isiviewer_build/CMakeFiles/CMakeTmp »
make[1]: AVERTISSEMENT: fichier « CMakeFiles/cmTryCompileExec111632131.dir/flags.make » a une date de modification 0,1 dans le futur
/usr/bin/cmake -E cmake_progress_report /home/34/rtaillandier/Documents/TP2_ISI-master/TP2_ISI/isiviewer_build/CMakeFiles/CMakeTmp/CMakeFiles 1
Building C object CMakeFiles/cmTryCompileExec111632131.dir/CheckFunctionExists.c.o
/usr/bin/cc   -DCHECK_FUNCTION_EXISTS=IceConnectionNumber   -o CMakeFiles/cmTryCompileExec111632131.dir/CheckFunctionExists.c.o   -c /usr/share/cmake-2.8/Modules/CheckFunctionExists.c
Linking C executable cmTryCompileExec111632131
/usr/bin/cmake -E cmake_link_script CMakeFiles/cmTryCompileExec111632131.dir/link.txt --verbose=1
/usr/bin/cc   -DCHECK_FUNCTION_EXISTS=IceConnectionNumber    CMakeFiles/cmTryCompileExec111632131.dir/CheckFunctionExists.c.o  -o cmTryCompileExec111632131 -rdynamic -lICE 
make[1]: quittant le répertoire « /import/etud/34/rtaillandier/Documents/TP2_ISI-master/TP2_ISI/isiviewer_build/CMakeFiles/CMakeTmp »
make[1]: AVERTISSEMENT : décalage d'horloge détecté. La construction peut être incomplète.
make: AVERTISSEMENT : décalage d'horloge détecté. La construction peut être incomplète.


Determining if the Q_WS_X11 exist passed with the following output:
Change Dir: /home/34/rtaillandier/Documents/TP2_ISI-master/TP2_ISI/isiviewer_build/CMakeFiles/CMakeTmp

Run Build Command:/usr/bin/make "cmTryCompileExec3288395651/fast"
make: AVERTISSEMENT: fichier « Makefile » a une date de modification 0,11 dans le futur
/usr/bin/make -f CMakeFiles/cmTryCompileExec3288395651.dir/build.make CMakeFiles/cmTryCompileExec3288395651.dir/build
make[1]: entrant dans le répertoire « /import/etud/34/rtaillandier/Documents/TP2_ISI-master/TP2_ISI/isiviewer_build/CMakeFiles/CMakeTmp »
make[1]: AVERTISSEMENT: fichier « CMakeFiles/cmTryCompileExec3288395651.dir/flags.make » a une date de modification 0,095 dans le futur
/usr/bin/cmake -E cmake_progress_report /home/34/rtaillandier/Documents/TP2_ISI-master/TP2_ISI/isiviewer_build/CMakeFiles/CMakeTmp/CMakeFiles 1
Building CXX object CMakeFiles/cmTryCompileExec3288395651.dir/CheckSymbolExists.cxx.o
/usr/bin/c++    -I/usr/include/qt4    -o CMakeFiles/cmTryCompileExec3288395651.dir/CheckSymbolExists.cxx.o -c /home/34/rtaillandier/Documents/TP2_ISI-master/TP2_ISI/isiviewer_build/CMakeFiles/CMakeTmp/CheckSymbolExists.cxx
Linking CXX executable cmTryCompileExec3288395651
/usr/bin/cmake -E cmake_link_script CMakeFiles/cmTryCompileExec3288395651.dir/link.txt --verbose=1
/usr/bin/c++        CMakeFiles/cmTryCompileExec3288395651.dir/CheckSymbolExists.cxx.o  -o cmTryCompileExec3288395651 -rdynamic 
make[1]: AVERTISSEMENT : décalage d'horloge détecté. La construction peut être incomplète.
make[1]: quittant le répertoire « /import/etud/34/rtaillandier/Documents/TP2_ISI-master/TP2_ISI/isiviewer_build/CMakeFiles/CMakeTmp »
make: AVERTISSEMENT : décalage d'horloge détecté. La construction peut être incomplète.

File /home/34/rtaillandier/Documents/TP2_ISI-master/TP2_ISI/isiviewer_build/CMakeFiles/CMakeTmp/CheckSymbolExists.cxx:
/* */
#include <QtCore/qglobal.h>

int main(int argc, char** argv)
{
  (void)argv;
#ifndef Q_WS_X11
  return ((int*)(&Q_WS_X11))[argc];
#else
  (void)argc;
  return 0;
#endif
}

