Determining if the Q_WS_WIN exist failed with the following output:
Change Dir: /home/34/rtaillandier/Documents/TP2_ISI-master/TP2_ISI/isiviewer_build/CMakeFiles/CMakeTmp

Run Build Command:/usr/bin/make "cmTryCompileExec2199726539/fast"
make: AVERTISSEMENT: fichier « Makefile » a une date de modification 0,11 dans le futur
/usr/bin/make -f CMakeFiles/cmTryCompileExec2199726539.dir/build.make CMakeFiles/cmTryCompileExec2199726539.dir/build
make[1]: entrant dans le répertoire « /import/etud/34/rtaillandier/Documents/TP2_ISI-master/TP2_ISI/isiviewer_build/CMakeFiles/CMakeTmp »
make[1]: AVERTISSEMENT: fichier « CMakeFiles/cmTryCompileExec2199726539.dir/flags.make » a une date de modification 0,1 dans le futur
/usr/bin/cmake -E cmake_progress_report /home/34/rtaillandier/Documents/TP2_ISI-master/TP2_ISI/isiviewer_build/CMakeFiles/CMakeTmp/CMakeFiles 1
Building CXX object CMakeFiles/cmTryCompileExec2199726539.dir/CheckSymbolExists.cxx.o
/usr/bin/c++    -I/usr/include/qt4    -o CMakeFiles/cmTryCompileExec2199726539.dir/CheckSymbolExists.cxx.o -c /home/34/rtaillandier/Documents/TP2_ISI-master/TP2_ISI/isiviewer_build/CMakeFiles/CMakeTmp/CheckSymbolExists.cxx
/home/34/rtaillandier/Documents/TP2_ISI-master/TP2_ISI/isiviewer_build/CMakeFiles/CMakeTmp/CheckSymbolExists.cxx: In function ‘int main(int, char**)’:
/home/34/rtaillandier/Documents/TP2_ISI-master/TP2_ISI/isiviewer_build/CMakeFiles/CMakeTmp/CheckSymbolExists.cxx:8:19: error: ‘Q_WS_WIN’ was not declared in this scope
   return ((int*)(&Q_WS_WIN))[argc];
                   ^
make[1]: *** [CMakeFiles/cmTryCompileExec2199726539.dir/CheckSymbolExists.cxx.o] Erreur 1
make[1]: quittant le répertoire « /import/etud/34/rtaillandier/Documents/TP2_ISI-master/TP2_ISI/isiviewer_build/CMakeFiles/CMakeTmp »
make: *** [cmTryCompileExec2199726539/fast] Erreur 2

File /home/34/rtaillandier/Documents/TP2_ISI-master/TP2_ISI/isiviewer_build/CMakeFiles/CMakeTmp/CheckSymbolExists.cxx:
/* */
#include <QtCore/qglobal.h>

int main(int argc, char** argv)
{
  (void)argv;
#ifndef Q_WS_WIN
  return ((int*)(&Q_WS_WIN))[argc];
#else
  (void)argc;
  return 0;
#endif
}

Determining if the Q_WS_QWS exist failed with the following output:
Change Dir: /home/34/rtaillandier/Documents/TP2_ISI-master/TP2_ISI/isiviewer_build/CMakeFiles/CMakeTmp

Run Build Command:/usr/bin/make "cmTryCompileExec3085933064/fast"
make: AVERTISSEMENT: fichier « Makefile » a une date de modification 0,11 dans le futur
/usr/bin/make -f CMakeFiles/cmTryCompileExec3085933064.dir/build.make CMakeFiles/cmTryCompileExec3085933064.dir/build
make[1]: entrant dans le répertoire « /import/etud/34/rtaillandier/Documents/TP2_ISI-master/TP2_ISI/isiviewer_build/CMakeFiles/CMakeTmp »
make[1]: AVERTISSEMENT: fichier « CMakeFiles/cmTryCompileExec3085933064.dir/flags.make » a une date de modification 0,1 dans le futur
/usr/bin/cmake -E cmake_progress_report /home/34/rtaillandier/Documents/TP2_ISI-master/TP2_ISI/isiviewer_build/CMakeFiles/CMakeTmp/CMakeFiles 1
Building CXX object CMakeFiles/cmTryCompileExec3085933064.dir/CheckSymbolExists.cxx.o
/usr/bin/c++    -I/usr/include/qt4    -o CMakeFiles/cmTryCompileExec3085933064.dir/CheckSymbolExists.cxx.o -c /home/34/rtaillandier/Documents/TP2_ISI-master/TP2_ISI/isiviewer_build/CMakeFiles/CMakeTmp/CheckSymbolExists.cxx
/home/34/rtaillandier/Documents/TP2_ISI-master/TP2_ISI/isiviewer_build/CMakeFiles/CMakeTmp/CheckSymbolExists.cxx: In function ‘int main(int, char**)’:
/home/34/rtaillandier/Documents/TP2_ISI-master/TP2_ISI/isiviewer_build/CMakeFiles/CMakeTmp/CheckSymbolExists.cxx:8:19: error: ‘Q_WS_QWS’ was not declared in this scope
   return ((int*)(&Q_WS_QWS))[argc];
                   ^
make[1]: quittant le répertoire « /import/etud/34/rtaillandier/Documents/TP2_ISI-master/TP2_ISI/isiviewer_build/CMakeFiles/CMakeTmp »
make[1]: *** [CMakeFiles/cmTryCompileExec3085933064.dir/CheckSymbolExists.cxx.o] Erreur 1
make: *** [cmTryCompileExec3085933064/fast] Erreur 2

File /home/34/rtaillandier/Documents/TP2_ISI-master/TP2_ISI/isiviewer_build/CMakeFiles/CMakeTmp/CheckSymbolExists.cxx:
/* */
#include <QtCore/qglobal.h>

int main(int argc, char** argv)
{
  (void)argv;
#ifndef Q_WS_QWS
  return ((int*)(&Q_WS_QWS))[argc];
#else
  (void)argc;
  return 0;
#endif
}

Determining if the Q_WS_MAC exist failed with the following output:
Change Dir: /home/34/rtaillandier/Documents/TP2_ISI-master/TP2_ISI/isiviewer_build/CMakeFiles/CMakeTmp

Run Build Command:/usr/bin/make "cmTryCompileExec2730709614/fast"
make: AVERTISSEMENT: fichier « Makefile » a une date de modification 0,11 dans le futur
/usr/bin/make -f CMakeFiles/cmTryCompileExec2730709614.dir/build.make CMakeFiles/cmTryCompileExec2730709614.dir/build
make[1]: entrant dans le répertoire « /import/etud/34/rtaillandier/Documents/TP2_ISI-master/TP2_ISI/isiviewer_build/CMakeFiles/CMakeTmp »
make[1]: AVERTISSEMENT: fichier « CMakeFiles/cmTryCompileExec2730709614.dir/flags.make » a une date de modification 0,1 dans le futur
/usr/bin/cmake -E cmake_progress_report /home/34/rtaillandier/Documents/TP2_ISI-master/TP2_ISI/isiviewer_build/CMakeFiles/CMakeTmp/CMakeFiles 1
Building CXX object CMakeFiles/cmTryCompileExec2730709614.dir/CheckSymbolExists.cxx.o
/usr/bin/c++    -I/usr/include/qt4    -o CMakeFiles/cmTryCompileExec2730709614.dir/CheckSymbolExists.cxx.o -c /home/34/rtaillandier/Documents/TP2_ISI-master/TP2_ISI/isiviewer_build/CMakeFiles/CMakeTmp/CheckSymbolExists.cxx
/home/34/rtaillandier/Documents/TP2_ISI-master/TP2_ISI/isiviewer_build/CMakeFiles/CMakeTmp/CheckSymbolExists.cxx: In function ‘int main(int, char**)’:
/home/34/rtaillandier/Documents/TP2_ISI-master/TP2_ISI/isiviewer_build/CMakeFiles/CMakeTmp/CheckSymbolExists.cxx:8:19: error: ‘Q_WS_MAC’ was not declared in this scope
   return ((int*)(&Q_WS_MAC))[argc];
                   ^
make[1]: *** [CMakeFiles/cmTryCompileExec2730709614.dir/CheckSymbolExists.cxx.o] Erreur 1
make[1]: quittant le répertoire « /import/etud/34/rtaillandier/Documents/TP2_ISI-master/TP2_ISI/isiviewer_build/CMakeFiles/CMakeTmp »
make: *** [cmTryCompileExec2730709614/fast] Erreur 2

File /home/34/rtaillandier/Documents/TP2_ISI-master/TP2_ISI/isiviewer_build/CMakeFiles/CMakeTmp/CheckSymbolExists.cxx:
/* */
#include <QtCore/qglobal.h>

int main(int argc, char** argv)
{
  (void)argv;
#ifndef Q_WS_MAC
  return ((int*)(&Q_WS_MAC))[argc];
#else
  (void)argc;
  return 0;
#endif
}

